<?xml version="1.0" encoding="UTF-8"?>
<testsuites disabled="0" errors="0" failures="0" name="SampleXunitName" tests="2" time="100">
    <testsuite name="SampleXunitName1" tests="2" disabled="0" failures="1" errors="0" hostname="hostname1" id="0" time="70" timestamp="2014-04-15T12:34:00"> 
        <testcase name="Test 1 - Redundancy reconnect"
            assertions="100"
            classname="sample-xunit"
            status="success"
            time="30"
            >
            <system-out>STDOUT text</system-out>
            <system-err>STDERR text</system-err>
        </testcase>
        <testcase name="Test 2 - Redundancy full"
            assertions="50"
            classname="sample-xunit"
            status="failed"
            time="40"
            >
            <failure message="1 !== 2" type="equal">1 does not equal 2</failure>
        </testcase>
    </testsuite>
</testsuites>