<?xml version="1.0" encoding="UTF-8"?>
<testsuites disabled="0" errors="0" failures="0" name="SampleXunitName" tests="3" time="100">
    <testsuite name="SampleXunitName1" tests="2" disabled="0" failures="1" errors="0" hostname="hostname1" id="0" time="70" timestamp="2014-04-15T12:34:00"> 
        <properties>
            <property name="property1" value="property1value"/>
        </properties>
        <testcase name="test1"
            assertions="100"
            classname="SampleXunitNameClass1"
            status=""
            time="30"
            >
            <system-out>STDOUT text</system-out>
            <system-err>STDERR text</system-err>
        </testcase>
        <testcase name="test2"
            assertions="50"
            classname="SampleXunitNameClass1"
            status="failed"
            time="40"
            >
            <failure message="1 !== 2" type="equal">1 does not equal 2</failure>
        </testcase>
    </testsuite>
    <testsuite name="SampleXunitName2" tests="1" disabled="0" failures="0" errors="0" hostname="hostname1" id="0" time="70" timestamp="2014-04-15T12:35:10"> 
        <properties>
            <property name="property1" value="property1value"/>
        </properties>
        <testcase name="test21"
            assertions="100"
            classname="SampleXunitNameClass2"
            status=""
            time="30"
            >
        </testcase>
    </testsuite>
</testsuites>